<?xml version="1.0" encoding="UTF-8"?>
<!-- Generated by org.testng.reporters.JUnitReportReporter -->
<testsuite skipped="0" hostname="DESKTOP-39VG3MM" name="TestCases.ToDoTestCase" tests="8" failures="0" timestamp="2020-03-26T23:42:02 ICT" time="8.618" errors="0">
  <testcase name="removeTask" time="0.318" classname="TestCases.ToDoTestCase"/>
  <system-out/>
  <testcase name="addTask" time="3.697" classname="TestCases.ToDoTestCase"/>
  <system-out/>
  <testcase name="addTask" time="0.964" classname="TestCases.ToDoTestCase"/>
  <system-out/>
  <testcase name="addTask" time="0.879" classname="TestCases.ToDoTestCase"/>
  <system-out/>
  <testcase name="removeTask" time="0.401" classname="TestCases.ToDoTestCase"/>
  <system-out/>
  <testcase name="removeTask" time="0.199" classname="TestCases.ToDoTestCase"/>
  <system-out/>
  <testcase name="addTask" time="0.886" classname="TestCases.ToDoTestCase"/>
  <system-out/>
  <testcase name="addTask" time="1.274" classname="TestCases.ToDoTestCase"/>
  <system-out/>
</testsuite> <!-- TestCases.ToDoTestCase -->
